2020-01-14 17:51:40.560  INFO 27292 --- [main] c.s.c.eureka.EurekaServerApplication     : No active profile set, falling back to default profiles: default
2020-01-14 17:51:40.585  INFO 27292 --- [main] ationConfigEmbeddedWebApplicationContext : Refreshing org.springframework.boot.context.embedded.AnnotationConfigEmbeddedWebApplicationContext@44f6f230: startup date [Tue Jan 14 17:51:40 CST 2020]; parent: org.springframework.context.annotation.AnnotationConfigApplicationContext@e60e942
2020-01-14 17:51:41.521  WARN 27292 --- [main] o.s.c.a.ConfigurationClassPostProcessor  : Cannot enhance @Configuration bean definition 'refreshScope' since its singleton instance has been created too early. The typical cause is a non-static @Bean method with a BeanDefinitionRegistryPostProcessor return type: Consider declaring such methods as 'static'.
2020-01-14 17:51:41.711  INFO 27292 --- [main] o.s.cloud.context.scope.GenericScope     : BeanFactory id=4ec2cc8c-807a-336b-9334-5e10e2704a22
2020-01-14 17:51:41.726  INFO 27292 --- [main] f.a.AutowiredAnnotationBeanPostProcessor : JSR-330 'javax.inject.Inject' annotation found and supported for autowiring
2020-01-14 17:51:41.760  INFO 27292 --- [main] trationDelegate$BeanPostProcessorChecker : Bean 'org.springframework.cloud.autoconfigure.ConfigurationPropertiesRebinderAutoConfiguration' of type [class org.springframework.cloud.autoconfigure.ConfigurationPropertiesRebinderAutoConfiguration$$EnhancerBySpringCGLIB$$b298024a] is not eligible for getting processed by all BeanPostProcessors (for example: not eligible for auto-proxying)
2020-01-14 17:51:41.765  INFO 27292 --- [main] trationDelegate$BeanPostProcessorChecker : Bean 'org.springframework.cloud.autoconfigure.RefreshEndpointAutoConfiguration' of type [class org.springframework.cloud.autoconfigure.RefreshEndpointAutoConfiguration$$EnhancerBySpringCGLIB$$5bf70440] is not eligible for getting processed by all BeanPostProcessors (for example: not eligible for auto-proxying)
2020-01-14 17:51:42.077  INFO 27292 --- [main] s.b.c.e.t.TomcatEmbeddedServletContainer : Tomcat initialized with port(s): 2000 (http)
2020-01-14 17:51:42.087  INFO 27292 --- [main] o.apache.catalina.core.StandardService   : Starting service Tomcat
2020-01-14 17:51:42.088  INFO 27292 --- [main] org.apache.catalina.core.StandardEngine  : Starting Servlet Engine: Apache Tomcat/8.0.36
2020-01-14 17:51:42.180  INFO 27292 --- [localhost-startStop-1] o.a.c.c.C.[Tomcat].[localhost].[/]       : Initializing Spring embedded WebApplicationContext
2020-01-14 17:51:42.181  INFO 27292 --- [localhost-startStop-1] o.s.web.context.ContextLoader            : Root WebApplicationContext: initialization completed in 1596 ms
2020-01-14 17:51:42.929  INFO 27292 --- [localhost-startStop-1] o.s.b.c.embedded.FilterRegistrationBean  : Mapping filter: 'metricFilter' to: [/*]
2020-01-14 17:51:42.930  INFO 27292 --- [localhost-startStop-1] o.s.b.c.embedded.FilterRegistrationBean  : Mapping filter: 'characterEncodingFilter' to: [/*]
2020-01-14 17:51:42.931  INFO 27292 --- [localhost-startStop-1] o.s.b.c.embedded.FilterRegistrationBean  : Mapping filter: 'hiddenHttpMethodFilter' to: [/*]
2020-01-14 17:51:42.931  INFO 27292 --- [localhost-startStop-1] o.s.b.c.embedded.FilterRegistrationBean  : Mapping filter: 'httpPutFormContentFilter' to: [/*]
2020-01-14 17:51:42.931  INFO 27292 --- [localhost-startStop-1] o.s.b.c.embedded.FilterRegistrationBean  : Mapping filter: 'requestContextFilter' to: [/*]
2020-01-14 17:51:42.931  INFO 27292 --- [localhost-startStop-1] o.s.b.c.embedded.FilterRegistrationBean  : Mapping filter: 'webRequestTraceFilter' to: [/*]
2020-01-14 17:51:42.932  INFO 27292 --- [localhost-startStop-1] o.s.b.c.embedded.FilterRegistrationBean  : Mapping filter: 'servletContainer' to urls: [/eureka/*]
2020-01-14 17:51:42.932  INFO 27292 --- [localhost-startStop-1] o.s.b.c.embedded.FilterRegistrationBean  : Mapping filter: 'applicationContextIdFilter' to: [/*]
2020-01-14 17:51:42.932  INFO 27292 --- [localhost-startStop-1] o.s.b.c.e.ServletRegistrationBean        : Mapping servlet: 'dispatcherServlet' to [/]
2020-01-14 17:51:43.034  INFO 27292 --- [localhost-startStop-1] c.s.j.s.i.a.WebApplicationImpl           : Initiating Jersey application, version 'Jersey: 1.19.1 03/11/2016 02:08 PM'
2020-01-14 17:51:43.113  INFO 27292 --- [localhost-startStop-1] c.n.d.provider.DiscoveryJerseyProvider   : Using JSON encoding codec LegacyJacksonJson
2020-01-14 17:51:43.115  INFO 27292 --- [localhost-startStop-1] c.n.d.provider.DiscoveryJerseyProvider   : Using JSON decoding codec LegacyJacksonJson
2020-01-14 17:51:43.218  INFO 27292 --- [localhost-startStop-1] c.n.d.provider.DiscoveryJerseyProvider   : Using XML encoding codec XStreamXml
2020-01-14 17:51:43.218  INFO 27292 --- [localhost-startStop-1] c.n.d.provider.DiscoveryJerseyProvider   : Using XML decoding codec XStreamXml
2020-01-14 17:51:43.698  INFO 27292 --- [main] o.s.c.n.eureka.InstanceInfoFactory       : Setting initial instance status as: STARTING
2020-01-14 17:51:43.768  INFO 27292 --- [main] com.netflix.discovery.DiscoveryClient    : Client configured to neither register nor query for data.
2020-01-14 17:51:43.779  INFO 27292 --- [main] com.netflix.discovery.DiscoveryClient    : Discovery Client initialized at timestamp 1578995503778 with initial instances count: 0
2020-01-14 17:51:43.844  INFO 27292 --- [main] c.n.eureka.DefaultEurekaServerContext    : Initializing ...
2020-01-14 17:51:43.848  INFO 27292 --- [main] c.n.eureka.cluster.PeerEurekaNodes       : Adding new peer nodes [http://localhost:8761/eureka/]
2020-01-14 17:51:44.149  INFO 27292 --- [main] c.n.d.provider.DiscoveryJerseyProvider   : Using JSON encoding codec LegacyJacksonJson
2020-01-14 17:51:44.149  INFO 27292 --- [main] c.n.d.provider.DiscoveryJerseyProvider   : Using JSON decoding codec LegacyJacksonJson
2020-01-14 17:51:44.150  INFO 27292 --- [main] c.n.d.provider.DiscoveryJerseyProvider   : Using XML encoding codec XStreamXml
2020-01-14 17:51:44.150  INFO 27292 --- [main] c.n.d.provider.DiscoveryJerseyProvider   : Using XML decoding codec XStreamXml
2020-01-14 17:51:44.276  INFO 27292 --- [main] c.n.eureka.cluster.PeerEurekaNodes       : Replica node URL:  http://localhost:8761/eureka/
2020-01-14 17:51:44.285  INFO 27292 --- [main] c.n.e.registry.AbstractInstanceRegistry  : Finished initializing remote region registries. All known remote regions: []
2020-01-14 17:51:44.286  INFO 27292 --- [main] c.n.eureka.DefaultEurekaServerContext    : Initialized
2020-01-14 17:51:44.465  INFO 27292 --- [main] s.w.s.m.m.a.RequestMappingHandlerAdapter : Looking for @ControllerAdvice: org.springframework.boot.context.embedded.AnnotationConfigEmbeddedWebApplicationContext@44f6f230: startup date [Tue Jan 14 17:51:40 CST 2020]; parent: org.springframework.context.annotation.AnnotationConfigApplicationContext@e60e942
2020-01-14 17:51:44.553  INFO 27292 --- [main] s.w.s.m.m.a.RequestMappingHandlerMapping : Mapped "{[/],methods=[GET]}" onto public java.lang.String org.springframework.cloud.netflix.eureka.server.EurekaController.status(javax.servlet.http.HttpServletRequest,java.util.Map<java.lang.String, java.lang.Object>)
2020-01-14 17:51:44.555  INFO 27292 --- [main] s.w.s.m.m.a.RequestMappingHandlerMapping : Mapped "{[/lastn],methods=[GET]}" onto public java.lang.String org.springframework.cloud.netflix.eureka.server.EurekaController.lastn(javax.servlet.http.HttpServletRequest,java.util.Map<java.lang.String, java.lang.Object>)
2020-01-14 17:51:44.557  INFO 27292 --- [main] s.w.s.m.m.a.RequestMappingHandlerMapping : Mapped "{[/error]}" onto public org.springframework.http.ResponseEntity<java.util.Map<java.lang.String, java.lang.Object>> org.springframework.boot.autoconfigure.web.BasicErrorController.error(javax.servlet.http.HttpServletRequest)
2020-01-14 17:51:44.558  INFO 27292 --- [main] s.w.s.m.m.a.RequestMappingHandlerMapping : Mapped "{[/error],produces=[text/html]}" onto public org.springframework.web.servlet.ModelAndView org.springframework.boot.autoconfigure.web.BasicErrorController.errorHtml(javax.servlet.http.HttpServletRequest,javax.servlet.http.HttpServletResponse)
2020-01-14 17:51:44.594  INFO 27292 --- [main] o.s.w.s.handler.SimpleUrlHandlerMapping  : Mapped URL path [/webjars/**] onto handler of type [class org.springframework.web.servlet.resource.ResourceHttpRequestHandler]
2020-01-14 17:51:44.595  INFO 27292 --- [main] o.s.w.s.handler.SimpleUrlHandlerMapping  : Mapped URL path [/**] onto handler of type [class org.springframework.web.servlet.resource.ResourceHttpRequestHandler]
2020-01-14 17:51:44.657  INFO 27292 --- [main] o.s.w.s.handler.SimpleUrlHandlerMapping  : Mapped URL path [/**/favicon.ico] onto handler of type [class org.springframework.web.servlet.resource.ResourceHttpRequestHandler]
2020-01-14 17:51:45.046  INFO 27292 --- [main] o.s.b.a.e.mvc.EndpointHandlerMapping     : Mapped "{[/pause || /pause.json],methods=[POST]}" onto public java.lang.Object org.springframework.cloud.endpoint.GenericPostableMvcEndpoint.invoke()
2020-01-14 17:51:45.047  INFO 27292 --- [main] o.s.b.a.e.mvc.EndpointHandlerMapping     : Mapped "{[/trace || /trace.json],methods=[GET],produces=[application/json]}" onto public java.lang.Object org.springframework.boot.actuate.endpoint.mvc.EndpointMvcAdapter.invoke()
2020-01-14 17:51:45.048  INFO 27292 --- [main] o.s.b.a.e.mvc.EndpointHandlerMapping     : Mapped "{[/autoconfig || /autoconfig.json],methods=[GET],produces=[application/json]}" onto public java.lang.Object org.springframework.boot.actuate.endpoint.mvc.EndpointMvcAdapter.invoke()
2020-01-14 17:51:45.050  INFO 27292 --- [main] o.s.b.a.e.mvc.EndpointHandlerMapping     : Mapped "{[/health || /health.json],produces=[application/json]}" onto public java.lang.Object org.springframework.boot.actuate.endpoint.mvc.HealthMvcEndpoint.invoke(java.security.Principal)
2020-01-14 17:51:45.051  INFO 27292 --- [main] o.s.b.a.e.mvc.EndpointHandlerMapping     : Mapped "{[/restart || /restart.json],methods=[POST]}" onto public java.lang.Object org.springframework.cloud.context.restart.RestartMvcEndpoint.invoke()
2020-01-14 17:51:45.052  INFO 27292 --- [main] o.s.b.a.e.mvc.EndpointHandlerMapping     : Mapped "{[/archaius || /archaius.json],methods=[GET],produces=[application/json]}" onto public java.lang.Object org.springframework.boot.actuate.endpoint.mvc.EndpointMvcAdapter.invoke()
2020-01-14 17:51:45.053  INFO 27292 --- [main] o.s.b.a.e.mvc.EndpointHandlerMapping     : Mapped "{[/dump || /dump.json],methods=[GET],produces=[application/json]}" onto public java.lang.Object org.springframework.boot.actuate.endpoint.mvc.EndpointMvcAdapter.invoke()
2020-01-14 17:51:45.053  INFO 27292 --- [main] o.s.b.a.e.mvc.EndpointHandlerMapping     : Mapped "{[/refresh || /refresh.json],methods=[POST]}" onto public java.lang.Object org.springframework.cloud.endpoint.GenericPostableMvcEndpoint.invoke()
2020-01-14 17:51:45.054  INFO 27292 --- [main] o.s.b.a.e.mvc.EndpointHandlerMapping     : Mapped "{[/env/{name:.*}],methods=[GET],produces=[application/json]}" onto public java.lang.Object org.springframework.boot.actuate.endpoint.mvc.EnvironmentMvcEndpoint.value(java.lang.String)
2020-01-14 17:51:45.055  INFO 27292 --- [main] o.s.b.a.e.mvc.EndpointHandlerMapping     : Mapped "{[/env || /env.json],methods=[GET],produces=[application/json]}" onto public java.lang.Object org.springframework.boot.actuate.endpoint.mvc.EndpointMvcAdapter.invoke()
2020-01-14 17:51:45.060  INFO 27292 --- [main] o.s.b.a.e.mvc.EndpointHandlerMapping     : Mapped "{[/logfile || /logfile.json],methods=[GET || HEAD]}" onto public void org.springframework.boot.actuate.endpoint.mvc.LogFileMvcEndpoint.invoke(javax.servlet.http.HttpServletRequest,javax.servlet.http.HttpServletResponse) throws javax.servlet.ServletException,java.io.IOException
2020-01-14 17:51:45.062  INFO 27292 --- [main] o.s.b.a.e.mvc.EndpointHandlerMapping     : Mapped "{[/env],methods=[POST]}" onto public java.lang.Object org.springframework.cloud.context.environment.EnvironmentManagerMvcEndpoint.value(java.util.Map<java.lang.String, java.lang.String>)
2020-01-14 17:51:45.063  INFO 27292 --- [main] o.s.b.a.e.mvc.EndpointHandlerMapping     : Mapped "{[/env/reset],methods=[POST]}" onto public java.util.Map<java.lang.String, java.lang.Object> org.springframework.cloud.context.environment.EnvironmentManagerMvcEndpoint.reset()
2020-01-14 17:51:45.064  INFO 27292 --- [main] o.s.b.a.e.mvc.EndpointHandlerMapping     : Mapped "{[/features || /features.json],methods=[GET],produces=[application/json]}" onto public java.lang.Object org.springframework.boot.actuate.endpoint.mvc.EndpointMvcAdapter.invoke()
2020-01-14 17:51:45.065  INFO 27292 --- [main] o.s.b.a.e.mvc.EndpointHandlerMapping     : Mapped "{[/beans || /beans.json],methods=[GET],produces=[application/json]}" onto public java.lang.Object org.springframework.boot.actuate.endpoint.mvc.EndpointMvcAdapter.invoke()
2020-01-14 17:51:45.066  INFO 27292 --- [main] o.s.b.a.e.mvc.EndpointHandlerMapping     : Mapped "{[/configprops || /configprops.json],methods=[GET],produces=[application/json]}" onto public java.lang.Object org.springframework.boot.actuate.endpoint.mvc.EndpointMvcAdapter.invoke()
2020-01-14 17:51:45.067  INFO 27292 --- [main] o.s.b.a.e.mvc.EndpointHandlerMapping     : Mapped "{[/info || /info.json],methods=[GET],produces=[application/json]}" onto public java.lang.Object org.springframework.boot.actuate.endpoint.mvc.EndpointMvcAdapter.invoke()
2020-01-14 17:51:45.076  INFO 27292 --- [main] o.s.b.a.e.mvc.EndpointHandlerMapping     : Mapped "{[/mappings || /mappings.json],methods=[GET],produces=[application/json]}" onto public java.lang.Object org.springframework.boot.actuate.endpoint.mvc.EndpointMvcAdapter.invoke()
2020-01-14 17:51:45.077  INFO 27292 --- [main] o.s.b.a.e.mvc.EndpointHandlerMapping     : Mapped "{[/metrics/{name:.*}],methods=[GET],produces=[application/json]}" onto public java.lang.Object org.springframework.boot.actuate.endpoint.mvc.MetricsMvcEndpoint.value(java.lang.String)
2020-01-14 17:51:45.077  INFO 27292 --- [main] o.s.b.a.e.mvc.EndpointHandlerMapping     : Mapped "{[/metrics || /metrics.json],methods=[GET],produces=[application/json]}" onto public java.lang.Object org.springframework.boot.actuate.endpoint.mvc.EndpointMvcAdapter.invoke()
2020-01-14 17:51:45.078  INFO 27292 --- [main] o.s.b.a.e.mvc.EndpointHandlerMapping     : Mapped "{[/resume || /resume.json],methods=[POST]}" onto public java.lang.Object org.springframework.cloud.endpoint.GenericPostableMvcEndpoint.invoke()
2020-01-14 17:51:45.208  INFO 27292 --- [main] o.s.ui.freemarker.SpringTemplateLoader   : SpringTemplateLoader for FreeMarker: using resource loader [org.springframework.boot.context.embedded.AnnotationConfigEmbeddedWebApplicationContext@44f6f230: startup date [Tue Jan 14 17:51:40 CST 2020]; parent: org.springframework.context.annotation.AnnotationConfigApplicationContext@e60e942] and template loader path [classpath:/templates/]
2020-01-14 17:51:45.210  INFO 27292 --- [main] o.s.w.s.v.f.FreeMarkerConfigurer         : ClassTemplateLoader for Spring macros added to FreeMarker configuration
2020-01-14 17:51:45.293  WARN 27292 --- [main] c.n.c.sources.URLConfigurationSource     : No URLs will be polled as dynamic configuration sources.
2020-01-14 17:51:45.293  INFO 27292 --- [main] c.n.c.sources.URLConfigurationSource     : To enable URLs as dynamic configuration sources, define System property archaius.configurationSource.additionalUrls or make config.properties available on classpath.
2020-01-14 17:51:45.303  WARN 27292 --- [main] c.n.c.sources.URLConfigurationSource     : No URLs will be polled as dynamic configuration sources.
2020-01-14 17:51:45.305  INFO 27292 --- [main] c.n.c.sources.URLConfigurationSource     : To enable URLs as dynamic configuration sources, define System property archaius.configurationSource.additionalUrls or make config.properties available on classpath.
2020-01-14 17:51:45.391  INFO 27292 --- [main] o.s.j.e.a.AnnotationMBeanExporter        : Registering beans for JMX exposure on startup
2020-01-14 17:51:45.399  INFO 27292 --- [main] o.s.j.e.a.AnnotationMBeanExporter        : Bean with name 'refreshScope' has been autodetected for JMX exposure
2020-01-14 17:51:45.400  INFO 27292 --- [main] o.s.j.e.a.AnnotationMBeanExporter        : Bean with name 'environmentManager' has been autodetected for JMX exposure
2020-01-14 17:51:45.403  INFO 27292 --- [main] o.s.j.e.a.AnnotationMBeanExporter        : Bean with name 'configurationPropertiesRebinder' has been autodetected for JMX exposure
2020-01-14 17:51:45.404  INFO 27292 --- [main] o.s.j.e.a.AnnotationMBeanExporter        : Bean with name 'refreshEndpoint' has been autodetected for JMX exposure
2020-01-14 17:51:45.405  INFO 27292 --- [main] o.s.j.e.a.AnnotationMBeanExporter        : Bean with name 'restartEndpoint' has been autodetected for JMX exposure
2020-01-14 17:51:45.409  INFO 27292 --- [main] o.s.j.e.a.AnnotationMBeanExporter        : Located managed bean 'environmentManager': registering with JMX server as MBean [org.springframework.cloud.context.environment:name=environmentManager,type=EnvironmentManager]
2020-01-14 17:51:45.433  INFO 27292 --- [main] o.s.j.e.a.AnnotationMBeanExporter        : Located managed bean 'restartEndpoint': registering with JMX server as MBean [org.springframework.cloud.context.restart:name=restartEndpoint,type=RestartEndpoint]
2020-01-14 17:51:45.449  INFO 27292 --- [main] o.s.j.e.a.AnnotationMBeanExporter        : Located managed bean 'refreshScope': registering with JMX server as MBean [org.springframework.cloud.context.scope.refresh:name=refreshScope,type=RefreshScope]
2020-01-14 17:51:45.460  INFO 27292 --- [main] o.s.j.e.a.AnnotationMBeanExporter        : Located managed bean 'configurationPropertiesRebinder': registering with JMX server as MBean [org.springframework.cloud.context.properties:name=configurationPropertiesRebinder,context=44f6f230,type=ConfigurationPropertiesRebinder]
2020-01-14 17:51:45.468  INFO 27292 --- [main] o.s.j.e.a.AnnotationMBeanExporter        : Located managed bean 'refreshEndpoint': registering with JMX server as MBean [org.springframework.cloud.endpoint:name=refreshEndpoint,type=RefreshEndpoint]
2020-01-14 17:51:45.685  INFO 27292 --- [main] o.s.c.support.DefaultLifecycleProcessor  : Starting beans in phase 0
2020-01-14 17:51:45.688  INFO 27292 --- [main] c.n.e.EurekaDiscoveryClientConfiguration : Registering application eureka_server with eureka with status UP
2020-01-14 17:51:45.688  INFO 27292 --- [Thread-12] o.s.c.n.e.server.EurekaServerBootstrap   : Setting the eureka configuration..
2020-01-14 17:51:45.689  INFO 27292 --- [Thread-12] o.s.c.n.e.server.EurekaServerBootstrap   : Eureka data center value eureka.datacenter is not set, defaulting to default
2020-01-14 17:51:45.689  INFO 27292 --- [Thread-12] o.s.c.n.e.server.EurekaServerBootstrap   : Eureka environment value eureka.environment is not set, defaulting to test
2020-01-14 17:51:45.710  INFO 27292 --- [Thread-12] o.s.c.n.e.server.EurekaServerBootstrap   : isAws returned false
2020-01-14 17:51:45.712  INFO 27292 --- [Thread-12] o.s.c.n.e.server.EurekaServerBootstrap   : Initialized server context
2020-01-14 17:51:45.715  INFO 27292 --- [Thread-12] c.n.e.r.PeerAwareInstanceRegistryImpl    : Got 1 instances from neighboring DS node
2020-01-14 17:51:45.715  INFO 27292 --- [Thread-12] c.n.e.r.PeerAwareInstanceRegistryImpl    : Renew threshold is: 1
2020-01-14 17:51:45.715  INFO 27292 --- [Thread-12] c.n.e.r.PeerAwareInstanceRegistryImpl    : Changing status to UP
2020-01-14 17:51:45.721  INFO 27292 --- [Thread-12] e.s.EurekaServerInitializerConfiguration : Started Eureka Server
2020-01-14 17:51:45.788 ERROR 27292 --- [main] o.a.coyote.http11.Http11NioProtocol      : Failed to start end point associated with ProtocolHandler ["http-nio-2000"]

java.net.BindException: Address already in use: bind
	at sun.nio.ch.Net.bind0(Native Method) ~[na:1.8.0_221]
	at sun.nio.ch.Net.bind(Net.java:433) ~[na:1.8.0_221]
	at sun.nio.ch.Net.bind(Net.java:425) ~[na:1.8.0_221]
	at sun.nio.ch.ServerSocketChannelImpl.bind(ServerSocketChannelImpl.java:223) ~[na:1.8.0_221]
	at sun.nio.ch.ServerSocketAdaptor.bind(ServerSocketAdaptor.java:74) ~[na:1.8.0_221]
	at org.apache.tomcat.util.net.NioEndpoint.bind(NioEndpoint.java:351) ~[tomcat-embed-core-8.0.36.jar:8.0.36]
	at org.apache.tomcat.util.net.AbstractEndpoint.start(AbstractEndpoint.java:763) ~[tomcat-embed-core-8.0.36.jar:8.0.36]
	at org.apache.coyote.AbstractProtocol.start(AbstractProtocol.java:474) ~[tomcat-embed-core-8.0.36.jar:8.0.36]
	at org.apache.catalina.connector.Connector.startInternal(Connector.java:986) [tomcat-embed-core-8.0.36.jar:8.0.36]
	at org.apache.catalina.util.LifecycleBase.start(LifecycleBase.java:147) [tomcat-embed-core-8.0.36.jar:8.0.36]
	at org.apache.catalina.core.StandardService.addConnector(StandardService.java:239) [tomcat-embed-core-8.0.36.jar:8.0.36]
	at org.springframework.boot.context.embedded.tomcat.TomcatEmbeddedServletContainer.addPreviouslyRemovedConnectors(TomcatEmbeddedServletContainer.java:194) [spring-boot-1.3.7.RELEASE.jar:1.3.7.RELEASE]
	at org.springframework.boot.context.embedded.tomcat.TomcatEmbeddedServletContainer.start(TomcatEmbeddedServletContainer.java:151) [spring-boot-1.3.7.RELEASE.jar:1.3.7.RELEASE]
	at org.springframework.boot.context.embedded.EmbeddedWebApplicationContext.startEmbeddedServletContainer(EmbeddedWebApplicationContext.java:293) [spring-boot-1.3.7.RELEASE.jar:1.3.7.RELEASE]
	at org.springframework.boot.context.embedded.EmbeddedWebApplicationContext.finishRefresh(EmbeddedWebApplicationContext.java:141) [spring-boot-1.3.7.RELEASE.jar:1.3.7.RELEASE]
	at org.springframework.context.support.AbstractApplicationContext.refresh(AbstractApplicationContext.java:541) [spring-context-4.2.7.RELEASE.jar:4.2.7.RELEASE]
	at org.springframework.boot.context.embedded.EmbeddedWebApplicationContext.refresh(EmbeddedWebApplicationContext.java:118) [spring-boot-1.3.7.RELEASE.jar:1.3.7.RELEASE]
	at org.springframework.boot.SpringApplication.refresh(SpringApplication.java:760) [spring-boot-1.3.7.RELEASE.jar:1.3.7.RELEASE]
	at org.springframework.boot.SpringApplication.createAndRefreshContext(SpringApplication.java:360) [spring-boot-1.3.7.RELEASE.jar:1.3.7.RELEASE]
	at org.springframework.boot.SpringApplication.run(SpringApplication.java:306) [spring-boot-1.3.7.RELEASE.jar:1.3.7.RELEASE]
	at org.springframework.boot.builder.SpringApplicationBuilder.run(SpringApplicationBuilder.java:134) [spring-boot-1.3.7.RELEASE.jar:1.3.7.RELEASE]
	at com.spring.cloud.eureka.EurekaServerApplication.main(EurekaServerApplication.java:47) [classes/:na]
	at sun.reflect.NativeMethodAccessorImpl.invoke0(Native Method) ~[na:1.8.0_221]
	at sun.reflect.NativeMethodAccessorImpl.invoke(NativeMethodAccessorImpl.java:62) ~[na:1.8.0_221]
	at sun.reflect.DelegatingMethodAccessorImpl.invoke(DelegatingMethodAccessorImpl.java:43) ~[na:1.8.0_221]
	at java.lang.reflect.Method.invoke(Method.java:498) ~[na:1.8.0_221]
	at org.springframework.boot.maven.AbstractRunMojo$LaunchRunner.run(AbstractRunMojo.java:478) [spring-boot-maven-plugin-1.3.7.RELEASE.jar:1.3.7.RELEASE]
	at java.lang.Thread.run(Thread.java:748) [na:1.8.0_221]

2020-01-14 17:51:45.791 ERROR 27292 --- [main] o.apache.catalina.core.StandardService   : Failed to start connector [Connector[HTTP/1.1-2000]]

org.apache.catalina.LifecycleException: Failed to start component [Connector[HTTP/1.1-2000]]
	at org.apache.catalina.util.LifecycleBase.start(LifecycleBase.java:153) ~[tomcat-embed-core-8.0.36.jar:8.0.36]
	at org.apache.catalina.core.StandardService.addConnector(StandardService.java:239) ~[tomcat-embed-core-8.0.36.jar:8.0.36]
	at org.springframework.boot.context.embedded.tomcat.TomcatEmbeddedServletContainer.addPreviouslyRemovedConnectors(TomcatEmbeddedServletContainer.java:194) [spring-boot-1.3.7.RELEASE.jar:1.3.7.RELEASE]
	at org.springframework.boot.context.embedded.tomcat.TomcatEmbeddedServletContainer.start(TomcatEmbeddedServletContainer.java:151) [spring-boot-1.3.7.RELEASE.jar:1.3.7.RELEASE]
	at org.springframework.boot.context.embedded.EmbeddedWebApplicationContext.startEmbeddedServletContainer(EmbeddedWebApplicationContext.java:293) [spring-boot-1.3.7.RELEASE.jar:1.3.7.RELEASE]
	at org.springframework.boot.context.embedded.EmbeddedWebApplicationContext.finishRefresh(EmbeddedWebApplicationContext.java:141) [spring-boot-1.3.7.RELEASE.jar:1.3.7.RELEASE]
	at org.springframework.context.support.AbstractApplicationContext.refresh(AbstractApplicationContext.java:541) [spring-context-4.2.7.RELEASE.jar:4.2.7.RELEASE]
	at org.springframework.boot.context.embedded.EmbeddedWebApplicationContext.refresh(EmbeddedWebApplicationContext.java:118) [spring-boot-1.3.7.RELEASE.jar:1.3.7.RELEASE]
	at org.springframework.boot.SpringApplication.refresh(SpringApplication.java:760) [spring-boot-1.3.7.RELEASE.jar:1.3.7.RELEASE]
	at org.springframework.boot.SpringApplication.createAndRefreshContext(SpringApplication.java:360) [spring-boot-1.3.7.RELEASE.jar:1.3.7.RELEASE]
	at org.springframework.boot.SpringApplication.run(SpringApplication.java:306) [spring-boot-1.3.7.RELEASE.jar:1.3.7.RELEASE]
	at org.springframework.boot.builder.SpringApplicationBuilder.run(SpringApplicationBuilder.java:134) [spring-boot-1.3.7.RELEASE.jar:1.3.7.RELEASE]
	at com.spring.cloud.eureka.EurekaServerApplication.main(EurekaServerApplication.java:47) [classes/:na]
	at sun.reflect.NativeMethodAccessorImpl.invoke0(Native Method) ~[na:1.8.0_221]
	at sun.reflect.NativeMethodAccessorImpl.invoke(NativeMethodAccessorImpl.java:62) ~[na:1.8.0_221]
	at sun.reflect.DelegatingMethodAccessorImpl.invoke(DelegatingMethodAccessorImpl.java:43) ~[na:1.8.0_221]
	at java.lang.reflect.Method.invoke(Method.java:498) ~[na:1.8.0_221]
	at org.springframework.boot.maven.AbstractRunMojo$LaunchRunner.run(AbstractRunMojo.java:478) [spring-boot-maven-plugin-1.3.7.RELEASE.jar:1.3.7.RELEASE]
	at java.lang.Thread.run(Thread.java:748) [na:1.8.0_221]
Caused by: org.apache.catalina.LifecycleException: service.getName(): "Tomcat";  Protocol handler start failed
	at org.apache.catalina.connector.Connector.startInternal(Connector.java:993) ~[tomcat-embed-core-8.0.36.jar:8.0.36]
	at org.apache.catalina.util.LifecycleBase.start(LifecycleBase.java:147) ~[tomcat-embed-core-8.0.36.jar:8.0.36]
	... 18 common frames omitted
Caused by: java.net.BindException: Address already in use: bind
	at sun.nio.ch.Net.bind0(Native Method) ~[na:1.8.0_221]
	at sun.nio.ch.Net.bind(Net.java:433) ~[na:1.8.0_221]
	at sun.nio.ch.Net.bind(Net.java:425) ~[na:1.8.0_221]
	at sun.nio.ch.ServerSocketChannelImpl.bind(ServerSocketChannelImpl.java:223) ~[na:1.8.0_221]
	at sun.nio.ch.ServerSocketAdaptor.bind(ServerSocketAdaptor.java:74) ~[na:1.8.0_221]
	at org.apache.tomcat.util.net.NioEndpoint.bind(NioEndpoint.java:351) ~[tomcat-embed-core-8.0.36.jar:8.0.36]
	at org.apache.tomcat.util.net.AbstractEndpoint.start(AbstractEndpoint.java:763) ~[tomcat-embed-core-8.0.36.jar:8.0.36]
	at org.apache.coyote.AbstractProtocol.start(AbstractProtocol.java:474) ~[tomcat-embed-core-8.0.36.jar:8.0.36]
	at org.apache.catalina.connector.Connector.startInternal(Connector.java:986) ~[tomcat-embed-core-8.0.36.jar:8.0.36]
	... 19 common frames omitted

2020-01-14 17:51:45.805  INFO 27292 --- [main] o.apache.catalina.core.StandardService   : Stopping service Tomcat
2020-01-14 17:51:45.822 ERROR 27292 --- [main] o.s.boot.SpringApplication               : Application startup failed

org.springframework.boot.context.embedded.EmbeddedServletContainerException: Unable to start embedded Tomcat servlet container
	at org.springframework.boot.context.embedded.tomcat.TomcatEmbeddedServletContainer.start(TomcatEmbeddedServletContainer.java:165) ~[spring-boot-1.3.7.RELEASE.jar:1.3.7.RELEASE]
	at org.springframework.boot.context.embedded.EmbeddedWebApplicationContext.startEmbeddedServletContainer(EmbeddedWebApplicationContext.java:293) ~[spring-boot-1.3.7.RELEASE.jar:1.3.7.RELEASE]
	at org.springframework.boot.context.embedded.EmbeddedWebApplicationContext.finishRefresh(EmbeddedWebApplicationContext.java:141) ~[spring-boot-1.3.7.RELEASE.jar:1.3.7.RELEASE]
	at org.springframework.context.support.AbstractApplicationContext.refresh(AbstractApplicationContext.java:541) ~[spring-context-4.2.7.RELEASE.jar:4.2.7.RELEASE]
	at org.springframework.boot.context.embedded.EmbeddedWebApplicationContext.refresh(EmbeddedWebApplicationContext.java:118) ~[spring-boot-1.3.7.RELEASE.jar:1.3.7.RELEASE]
	at org.springframework.boot.SpringApplication.refresh(SpringApplication.java:760) ~[spring-boot-1.3.7.RELEASE.jar:1.3.7.RELEASE]
	at org.springframework.boot.SpringApplication.createAndRefreshContext(SpringApplication.java:360) ~[spring-boot-1.3.7.RELEASE.jar:1.3.7.RELEASE]
	at org.springframework.boot.SpringApplication.run(SpringApplication.java:306) ~[spring-boot-1.3.7.RELEASE.jar:1.3.7.RELEASE]
	at org.springframework.boot.builder.SpringApplicationBuilder.run(SpringApplicationBuilder.java:134) [spring-boot-1.3.7.RELEASE.jar:1.3.7.RELEASE]
	at com.spring.cloud.eureka.EurekaServerApplication.main(EurekaServerApplication.java:47) [classes/:na]
	at sun.reflect.NativeMethodAccessorImpl.invoke0(Native Method) ~[na:1.8.0_221]
	at sun.reflect.NativeMethodAccessorImpl.invoke(NativeMethodAccessorImpl.java:62) ~[na:1.8.0_221]
	at sun.reflect.DelegatingMethodAccessorImpl.invoke(DelegatingMethodAccessorImpl.java:43) ~[na:1.8.0_221]
	at java.lang.reflect.Method.invoke(Method.java:498) ~[na:1.8.0_221]
	at org.springframework.boot.maven.AbstractRunMojo$LaunchRunner.run(AbstractRunMojo.java:478) [spring-boot-maven-plugin-1.3.7.RELEASE.jar:1.3.7.RELEASE]
	at java.lang.Thread.run(Thread.java:748) [na:1.8.0_221]
Caused by: java.lang.IllegalStateException: Tomcat connector in failed state
	at org.springframework.boot.context.embedded.tomcat.TomcatEmbeddedServletContainer.start(TomcatEmbeddedServletContainer.java:159) ~[spring-boot-1.3.7.RELEASE.jar:1.3.7.RELEASE]
	... 15 common frames omitted

2020-01-14 17:51:45.828  INFO 27292 --- [main] .b.l.ClasspathLoggingApplicationListener : Application failed to start with classpath: [file:/D:/Spring_Works/Projects/SpringCloud/spring-cloud-ribbon/spring-cloud-ribbon_eureka/spring-cloud-ribbon_eureka_server/target/classes/, file:/C:/Users/chiahung.hung/.m2/repository/com/netflix/netflix-commons/netflix-commons-util/0.1.1/netflix-commons-util-0.1.1.jar, file:/C:/Users/chiahung.hung/.m2/repository/com/netflix/eureka/eureka-core/1.4.10/eureka-core-1.4.10.jar, file:/C:/Users/chiahung.hung/.m2/repository/commons-configuration/commons-configuration/1.8/commons-configuration-1.8.jar, file:/C:/Users/chiahung.hung/.m2/repository/com/netflix/ribbon/ribbon-transport/2.2.0/ribbon-transport-2.2.0.jar, file:/C:/Users/chiahung.hung/.m2/repository/org/springframework/security/spring-security-rsa/1.0.1.RELEASE/spring-security-rsa-1.0.1.RELEASE.jar, file:/C:/Users/chiahung.hung/.m2/repository/aopalliance/aopalliance/1.0/aopalliance-1.0.jar, file:/C:/Users/chiahung.hung/.m2/repository/org/springframework/boot/spring-boot-autoconfigure/1.3.7.RELEASE/spring-boot-autoconfigure-1.3.7.RELEASE.jar, file:/C:/Users/chiahung.hung/.m2/repository/com/google/inject/guice/4.0/guice-4.0.jar, file:/C:/Users/chiahung.hung/.m2/repository/org/apache/tomcat/embed/tomcat-embed-core/8.0.36/tomcat-embed-core-8.0.36.jar, file:/C:/Users/chiahung.hung/.m2/repository/org/mockito/mockito-core/1.10.19/mockito-core-1.10.19.jar, file:/C:/Users/chiahung.hung/.m2/repository/org/apache/httpcomponents/httpcore/4.4.5/httpcore-4.4.5.jar, file:/C:/Users/chiahung.hung/.m2/repository/com/netflix/governator/governator/1.12.10/governator-1.12.10.jar, file:/C:/Users/chiahung.hung/.m2/repository/org/bouncycastle/bcpkix-jdk15on/1.47/bcpkix-jdk15on-1.47.jar, file:/C:/Users/chiahung.hung/.m2/repository/io/netty/netty-codec/4.0.27.Final/netty-codec-4.0.27.Final.jar, file:/C:/Users/chiahung.hung/.m2/repository/com/netflix/archaius/archaius-core/0.7.4/archaius-core-0.7.4.jar, file:/C:/Users/chiahung.hung/.m2/repository/com/netflix/hystrix/hystrix-core/1.5.3/hystrix-core-1.5.3.jar, file:/C:/Users/chiahung.hung/.m2/repository/com/netflix/governator/governator-core/1.12.10/governator-core-1.12.10.jar, file:/C:/Users/chiahung.hung/.m2/repository/com/fasterxml/jackson/dataformat/jackson-dataformat-xml/2.6.7/jackson-dataformat-xml-2.6.7.jar, file:/C:/Users/chiahung.hung/.m2/repository/commons-logging/commons-logging/1.1.1/commons-logging-1.1.1.jar, file:/C:/Users/chiahung.hung/.m2/repository/commons-codec/commons-codec/1.9/commons-codec-1.9.jar, file:/C:/Users/chiahung.hung/.m2/repository/com/google/code/findbugs/jsr305/3.0.1/jsr305-3.0.1.jar, file:/C:/Users/chiahung.hung/.m2/repository/io/reactivex/rxnetty-servo/0.4.9/rxnetty-servo-0.4.9.jar, file:/C:/Users/chiahung.hung/.m2/repository/io/netty/netty-buffer/4.0.27.Final/netty-buffer-4.0.27.Final.jar, file:/C:/Users/chiahung.hung/.m2/repository/com/netflix/ribbon/ribbon/2.2.0/ribbon-2.2.0.jar, file:/C:/Users/chiahung.hung/.m2/repository/javax/validation/validation-api/1.1.0.Final/validation-api-1.1.0.Final.jar, file:/C:/Users/chiahung.hung/.m2/repository/io/netty/netty-codec-http/4.0.27.Final/netty-codec-http-4.0.27.Final.jar, file:/C:/Users/chiahung.hung/.m2/repository/org/springframework/spring-aop/4.2.7.RELEASE/spring-aop-4.2.7.RELEASE.jar, file:/C:/Users/chiahung.hung/.m2/repository/org/springframework/boot/spring-boot/1.3.7.RELEASE/spring-boot-1.3.7.RELEASE.jar, file:/C:/Users/chiahung.hung/.m2/repository/org/slf4j/jcl-over-slf4j/1.7.21/jcl-over-slf4j-1.7.21.jar, file:/C:/Users/chiahung.hung/.m2/repository/org/springframework/boot/spring-boot-starter-freemarker/1.3.7.RELEASE/spring-boot-starter-freemarker-1.3.7.RELEASE.jar, file:/C:/Users/chiahung.hung/.m2/repository/com/netflix/ribbon/ribbon-eureka/2.2.0/ribbon-eureka-2.2.0.jar, file:/C:/Users/chiahung.hung/.m2/repository/io/reactivex/rxnetty-contexts/0.4.9/rxnetty-contexts-0.4.9.jar, file:/C:/Users/chiahung.hung/.m2/repository/org/springframework/boot/spring-boot-starter-web/1.3.7.RELEASE/spring-boot-starter-web-1.3.7.RELEASE.jar, file:/C:/Users/chiahung.hung/.m2/repository/org/springframework/boot/spring-boot-devtools/1.3.7.RELEASE/spring-boot-devtools-1.3.7.RELEASE.jar, file:/C:/Users/chiahung.hung/.m2/repository/io/netty/netty-transport-native-epoll/4.0.27.Final/netty-transport-native-epoll-4.0.27.Final.jar, file:/C:/Users/chiahung.hung/.m2/repository/org/springframework/spring-expression/4.2.7.RELEASE/spring-expression-4.2.7.RELEASE.jar, file:/C:/Users/chiahung.hung/.m2/repository/com/amazonaws/aws-java-sdk-route53/1.11.18/aws-java-sdk-route53-1.11.18.jar, file:/C:/Users/chiahung.hung/.m2/repository/commons-lang/commons-lang/2.6/commons-lang-2.6.jar, file:/C:/Users/chiahung.hung/.m2/repository/org/springframework/cloud/spring-cloud-context/1.1.1.RELEASE/spring-cloud-context-1.1.1.RELEASE.jar, file:/C:/Users/chiahung.hung/.m2/repository/com/netflix/ribbon/ribbon-loadbalancer/2.2.0/ribbon-loadbalancer-2.2.0.jar, file:/C:/Users/chiahung.hung/.m2/repository/org/apache/tomcat/embed/tomcat-embed-logging-juli/8.0.36/tomcat-embed-logging-juli-8.0.36.jar, file:/C:/Users/chiahung.hung/.m2/repository/com/sun/jersey/jersey-core/1.19.1/jersey-core-1.19.1.jar, file:/C:/Users/chiahung.hung/.m2/repository/org/freemarker/freemarker/2.3.25-incubating/freemarker-2.3.25-incubating.jar, file:/C:/Users/chiahung.hung/.m2/repository/com/sun/jersey/jersey-server/1.19.1/jersey-server-1.19.1.jar, file:/C:/Users/chiahung.hung/.m2/repository/org/springframework/spring-web/4.2.7.RELEASE/spring-web-4.2.7.RELEASE.jar, file:/C:/Users/chiahung.hung/.m2/repository/javax/ws/rs/jsr311-api/1.1.1/jsr311-api-1.1.1.jar, file:/C:/Users/chiahung.hung/.m2/repository/org/codehaus/jettison/jettison/1.3.7/jettison-1.3.7.jar, file:/C:/Users/chiahung.hung/.m2/repository/org/springframework/boot/spring-boot-starter/1.3.7.RELEASE/spring-boot-starter-1.3.7.RELEASE.jar, file:/C:/Users/chiahung.hung/.m2/repository/javax/inject/javax.inject/1/javax.inject-1.jar, file:/C:/Users/chiahung.hung/.m2/repository/org/slf4j/slf4j-api/1.7.21/slf4j-api-1.7.21.jar, file:/C:/Users/chiahung.hung/.m2/repository/com/sun/jersey/jersey-servlet/1.19.1/jersey-servlet-1.19.1.jar, file:/C:/Users/chiahung.hung/.m2/repository/com/fasterxml/jackson/core/jackson-core/2.6.7/jackson-core-2.6.7.jar, file:/C:/Users/chiahung.hung/.m2/repository/org/springframework/boot/spring-boot-actuator/1.3.7.RELEASE/spring-boot-actuator-1.3.7.RELEASE.jar, file:/C:/Users/chiahung.hung/.m2/repository/javax/xml/stream/stax-api/1.0-2/stax-api-1.0-2.jar, file:/C:/Users/chiahung.hung/.m2/repository/com/thoughtworks/xstream/xstream/1.4.2/xstream-1.4.2.jar, file:/C:/Users/chiahung.hung/.m2/repository/com/google/guava/guava/18.0/guava-18.0.jar, file:/C:/Users/chiahung.hung/.m2/repository/com/sun/jersey/contribs/jersey-apache-client4/1.19.1/jersey-apache-client4-1.19.1.jar, file:/C:/Users/chiahung.hung/.m2/repository/org/springframework/spring-context-support/4.2.7.RELEASE/spring-context-support-4.2.7.RELEASE.jar, file:/C:/Users/chiahung.hung/.m2/repository/ch/qos/logback/logback-classic/1.1.7/logback-classic-1.1.7.jar, file:/C:/Users/chiahung.hung/.m2/repository/org/jboss/logging/jboss-logging/3.3.0.Final/jboss-logging-3.3.0.Final.jar, file:/C:/Users/chiahung.hung/.m2/repository/stax/stax-api/1.0.1/stax-api-1.0.1.jar, file:/C:/Users/chiahung.hung/.m2/repository/com/sun/jersey/jersey-client/1.19.1/jersey-client-1.19.1.jar, file:/C:/Users/chiahung.hung/.m2/repository/io/netty/netty-handler/4.0.27.Final/netty-handler-4.0.27.Final.jar, file:/C:/Users/chiahung.hung/.m2/repository/com/fasterxml/jackson/module/jackson-module-jaxb-annotations/2.6.7/jackson-module-jaxb-annotations-2.6.7.jar, file:/C:/Users/chiahung.hung/.m2/repository/org/slf4j/jul-to-slf4j/1.7.21/jul-to-slf4j-1.7.21.jar, file:/C:/Users/chiahung.hung/.m2/repository/org/hibernate/hibernate-validator/5.2.4.Final/hibernate-validator-5.2.4.Final.jar, file:/C:/Users/chiahung.hung/.m2/repository/org/springframework/boot/spring-boot-starter-tomcat/1.3.7.RELEASE/spring-boot-starter-tomcat-1.3.7.RELEASE.jar, file:/C:/Users/chiahung.hung/.m2/repository/org/hamcrest/hamcrest-library/1.3/hamcrest-library-1.3.jar, file:/C:/Users/chiahung.hung/.m2/repository/com/netflix/ribbon/ribbon-httpclient/2.2.0/ribbon-httpclient-2.2.0.jar, file:/C:/Users/chiahung.hung/.m2/repository/org/springframework/spring-webmvc/4.2.7.RELEASE/spring-webmvc-4.2.7.RELEASE.jar, file:/C:/Users/chiahung.hung/.m2/repository/com/netflix/ribbon/ribbon-core/2.2.0/ribbon-core-2.2.0.jar, file:/C:/Users/chiahung.hung/.m2/repository/com/netflix/servo/servo-core/0.10.1/servo-core-0.10.1.jar, file:/C:/Users/chiahung.hung/.m2/repository/org/hdrhistogram/HdrHistogram/2.1.7/HdrHistogram-2.1.7.jar, file:/C:/Users/chiahung.hung/.m2/repository/org/bouncycastle/bcprov-jdk15on/1.47/bcprov-jdk15on-1.47.jar, file:/C:/Users/chiahung.hung/.m2/repository/org/springframework/security/spring-security-crypto/4.0.4.RELEASE/spring-security-crypto-4.0.4.RELEASE.jar, file:/C:/Users/chiahung.hung/.m2/repository/org/apache/httpcomponents/httpclient/4.5.2/httpclient-4.5.2.jar, file:/C:/Users/chiahung.hung/.m2/repository/org/ow2/asm/asm/5.0.4/asm-5.0.4.jar, file:/C:/Users/chiahung.hung/.m2/repository/com/fasterxml/classmate/1.1.0/classmate-1.1.0.jar, file:/C:/Users/chiahung.hung/.m2/repository/xmlpull/xmlpull/1.1.3.1/xmlpull-1.1.3.1.jar, file:/C:/Users/chiahung.hung/.m2/repository/org/hamcrest/hamcrest-core/1.3/hamcrest-core-1.3.jar, file:/C:/Users/chiahung.hung/.m2/repository/org/codehaus/woodstox/woodstox-core-asl/4.4.1/woodstox-core-asl-4.4.1.jar, file:/C:/Users/chiahung.hung/.m2/repository/com/netflix/governator/governator-api/1.12.10/governator-api-1.12.10.jar, file:/C:/Users/chiahung.hung/.m2/repository/com/amazonaws/aws-java-sdk-autoscaling/1.11.18/aws-java-sdk-autoscaling-1.11.18.jar, file:/C:/Users/chiahung.hung/.m2/repository/org/springframework/boot/spring-boot-starter-validation/1.3.7.RELEASE/spring-boot-starter-validation-1.3.7.RELEASE.jar, file:/C:/Users/chiahung.hung/.m2/repository/org/springframework/cloud/spring-cloud-netflix-eureka-server/1.1.5.RELEASE/spring-cloud-netflix-eureka-server-1.1.5.RELEASE.jar, file:/C:/Users/chiahung.hung/.m2/repository/org/apache/tomcat/embed/tomcat-embed-el/8.0.36/tomcat-embed-el-8.0.36.jar, file:/C:/Users/chiahung.hung/.m2/repository/com/amazonaws/aws-java-sdk-core/1.11.18/aws-java-sdk-core-1.11.18.jar, file:/C:/Users/chiahung.hung/.m2/repository/io/reactivex/rxnetty/0.4.9/rxnetty-0.4.9.jar, file:/C:/Users/chiahung.hung/.m2/repository/org/springframework/cloud/spring-cloud-commons/1.1.1.RELEASE/spring-cloud-commons-1.1.1.RELEASE.jar, file:/C:/Users/chiahung.hung/.m2/repository/org/slf4j/log4j-over-slf4j/1.7.21/log4j-over-slf4j-1.7.21.jar, file:/C:/Users/chiahung.hung/.m2/repository/com/fasterxml/jackson/core/jackson-annotations/2.6.7/jackson-annotations-2.6.7.jar, file:/C:/Users/chiahung.hung/.m2/repository/org/yaml/snakeyaml/1.16/snakeyaml-1.16.jar, file:/C:/Users/chiahung.hung/.m2/repository/com/fasterxml/jackson/core/jackson-databind/2.6.7/jackson-databind-2.6.7.jar, file:/C:/Users/chiahung.hung/.m2/repository/com/amazonaws/aws-java-sdk-sts/1.11.18/aws-java-sdk-sts-1.11.18.jar, file:/C:/Users/chiahung.hung/.m2/repository/io/netty/netty-transport/4.0.27.Final/netty-transport-4.0.27.Final.jar, file:/C:/Users/chiahung.hung/.m2/repository/org/springframework/boot/spring-boot-starter-logging/1.3.7.RELEASE/spring-boot-starter-logging-1.3.7.RELEASE.jar, file:/C:/Users/chiahung.hung/.m2/repository/xpp3/xpp3_min/1.1.4c/xpp3_min-1.1.4c.jar, file:/C:/Users/chiahung.hung/.m2/repository/io/reactivex/rxjava/1.1.5/rxjava-1.1.5.jar, file:/C:/Users/chiahung.hung/.m2/repository/org/springframework/spring-test/4.2.7.RELEASE/spring-test-4.2.7.RELEASE.jar, file:/C:/Users/chiahung.hung/.m2/repository/org/springframework/spring-beans/4.2.7.RELEASE/spring-beans-4.2.7.RELEASE.jar, file:/C:/Users/chiahung.hung/.m2/repository/com/netflix/netflix-commons/netflix-statistics/0.1.1/netflix-statistics-0.1.1.jar, file:/C:/Users/chiahung.hung/.m2/repository/org/springframework/cloud/spring-cloud-netflix-eureka-client/1.1.5.RELEASE/spring-cloud-netflix-eureka-client-1.1.5.RELEASE.jar, file:/C:/Users/chiahung.hung/.m2/repository/org/springframework/cloud/spring-cloud-starter-archaius/1.1.5.RELEASE/spring-cloud-starter-archaius-1.1.5.RELEASE.jar, file:/C:/Users/chiahung.hung/.m2/repository/org/springframework/boot/spring-boot-starter-test/1.3.7.RELEASE/spring-boot-starter-test-1.3.7.RELEASE.jar, file:/C:/Users/chiahung.hung/.m2/repository/org/apache/tomcat/embed/tomcat-embed-websocket/8.0.36/tomcat-embed-websocket-8.0.36.jar, file:/C:/Users/chiahung.hung/.m2/repository/org/objenesis/objenesis/2.1/objenesis-2.1.jar, file:/C:/Users/chiahung.hung/.m2/repository/org/springframework/cloud/spring-cloud-netflix-core/1.1.5.RELEASE/spring-cloud-netflix-core-1.1.5.RELEASE.jar, file:/C:/Users/chiahung.hung/.m2/repository/com/netflix/eureka/eureka-client/1.4.10/eureka-client-1.4.10.jar, file:/C:/Users/chiahung.hung/.m2/repository/org/codehaus/woodstox/stax2-api/3.1.4/stax2-api-3.1.4.jar, file:/C:/Users/chiahung.hung/.m2/repository/org/springframework/spring-context/4.2.7.RELEASE/spring-context-4.2.7.RELEASE.jar, file:/C:/Users/chiahung.hung/.m2/repository/org/springframework/spring-core/4.2.7.RELEASE/spring-core-4.2.7.RELEASE.jar, file:/C:/Users/chiahung.hung/.m2/repository/commons-collections/commons-collections/3.2.2/commons-collections-3.2.2.jar, file:/C:/Users/chiahung.hung/.m2/repository/junit/junit/4.12/junit-4.12.jar, file:/C:/Users/chiahung.hung/.m2/repository/com/netflix/servo/servo-internal/0.10.1/servo-internal-0.10.1.jar, file:/C:/Users/chiahung.hung/.m2/repository/com/netflix/netflix-commons/netflix-eventbus/0.3.0/netflix-eventbus-0.3.0.jar, file:/C:/Users/chiahung.hung/.m2/repository/org/springframework/cloud/spring-cloud-starter-ribbon/1.1.5.RELEASE/spring-cloud-starter-ribbon-1.1.5.RELEASE.jar, file:/C:/Users/chiahung.hung/.m2/repository/com/fasterxml/jackson/dataformat/jackson-dataformat-cbor/2.6.6/jackson-dataformat-cbor-2.6.6.jar, file:/C:/Users/chiahung.hung/.m2/repository/org/springframework/boot/spring-boot-starter-actuator/1.3.7.RELEASE/spring-boot-starter-actuator-1.3.7.RELEASE.jar, file:/C:/Users/chiahung.hung/.m2/repository/io/netty/netty-common/4.0.27.Final/netty-common-4.0.27.Final.jar, file:/C:/Users/chiahung.hung/.m2/repository/org/springframework/cloud/spring-cloud-starter-eureka-server/1.1.5.RELEASE/spring-cloud-starter-eureka-server-1.1.5.RELEASE.jar, file:/C:/Users/chiahung.hung/.m2/repository/ch/qos/logback/logback-core/1.1.7/logback-core-1.1.7.jar, file:/C:/Users/chiahung.hung/.m2/repository/com/amazonaws/aws-java-sdk-ec2/1.11.18/aws-java-sdk-ec2-1.11.18.jar, file:/C:/Users/chiahung.hung/.m2/repository/org/springframework/cloud/spring-cloud-starter/1.1.1.RELEASE/spring-cloud-starter-1.1.1.RELEASE.jar]
2020-01-14 17:52:43.206  INFO 27260 --- [main] c.s.c.eureka.EurekaServerApplication     : No active profile set, falling back to default profiles: default
2020-01-14 17:52:43.232  INFO 27260 --- [main] ationConfigEmbeddedWebApplicationContext : Refreshing org.springframework.boot.context.embedded.AnnotationConfigEmbeddedWebApplicationContext@25691940: startup date [Tue Jan 14 17:52:43 CST 2020]; parent: org.springframework.context.annotation.AnnotationConfigApplicationContext@6a61a003
2020-01-14 17:52:44.143  WARN 27260 --- [main] o.s.c.a.ConfigurationClassPostProcessor  : Cannot enhance @Configuration bean definition 'refreshScope' since its singleton instance has been created too early. The typical cause is a non-static @Bean method with a BeanDefinitionRegistryPostProcessor return type: Consider declaring such methods as 'static'.
2020-01-14 17:52:44.293  INFO 27260 --- [main] o.s.cloud.context.scope.GenericScope     : BeanFactory id=4ec2cc8c-807a-336b-9334-5e10e2704a22
2020-01-14 17:52:44.306  INFO 27260 --- [main] f.a.AutowiredAnnotationBeanPostProcessor : JSR-330 'javax.inject.Inject' annotation found and supported for autowiring
2020-01-14 17:52:44.333  INFO 27260 --- [main] trationDelegate$BeanPostProcessorChecker : Bean 'org.springframework.cloud.autoconfigure.ConfigurationPropertiesRebinderAutoConfiguration' of type [class org.springframework.cloud.autoconfigure.ConfigurationPropertiesRebinderAutoConfiguration$$EnhancerBySpringCGLIB$$4bb274d3] is not eligible for getting processed by all BeanPostProcessors (for example: not eligible for auto-proxying)
2020-01-14 17:52:44.337  INFO 27260 --- [main] trationDelegate$BeanPostProcessorChecker : Bean 'org.springframework.cloud.autoconfigure.RefreshEndpointAutoConfiguration' of type [class org.springframework.cloud.autoconfigure.RefreshEndpointAutoConfiguration$$EnhancerBySpringCGLIB$$f51176c9] is not eligible for getting processed by all BeanPostProcessors (for example: not eligible for auto-proxying)
2020-01-14 17:52:44.620  INFO 27260 --- [main] s.b.c.e.t.TomcatEmbeddedServletContainer : Tomcat initialized with port(s): 2000 (http)
2020-01-14 17:52:44.631  INFO 27260 --- [main] o.apache.catalina.core.StandardService   : Starting service Tomcat
2020-01-14 17:52:44.632  INFO 27260 --- [main] org.apache.catalina.core.StandardEngine  : Starting Servlet Engine: Apache Tomcat/8.0.36
2020-01-14 17:52:44.730  INFO 27260 --- [localhost-startStop-1] o.a.c.c.C.[Tomcat].[localhost].[/]       : Initializing Spring embedded WebApplicationContext
2020-01-14 17:52:44.731  INFO 27260 --- [localhost-startStop-1] o.s.web.context.ContextLoader            : Root WebApplicationContext: initialization completed in 1499 ms
2020-01-14 17:52:45.447  INFO 27260 --- [localhost-startStop-1] o.s.b.c.embedded.FilterRegistrationBean  : Mapping filter: 'metricFilter' to: [/*]
2020-01-14 17:52:45.448  INFO 27260 --- [localhost-startStop-1] o.s.b.c.embedded.FilterRegistrationBean  : Mapping filter: 'characterEncodingFilter' to: [/*]
2020-01-14 17:52:45.449  INFO 27260 --- [localhost-startStop-1] o.s.b.c.embedded.FilterRegistrationBean  : Mapping filter: 'hiddenHttpMethodFilter' to: [/*]
2020-01-14 17:52:45.449  INFO 27260 --- [localhost-startStop-1] o.s.b.c.embedded.FilterRegistrationBean  : Mapping filter: 'httpPutFormContentFilter' to: [/*]
2020-01-14 17:52:45.449  INFO 27260 --- [localhost-startStop-1] o.s.b.c.embedded.FilterRegistrationBean  : Mapping filter: 'requestContextFilter' to: [/*]
2020-01-14 17:52:45.450  INFO 27260 --- [localhost-startStop-1] o.s.b.c.embedded.FilterRegistrationBean  : Mapping filter: 'webRequestTraceFilter' to: [/*]
2020-01-14 17:52:45.450  INFO 27260 --- [localhost-startStop-1] o.s.b.c.embedded.FilterRegistrationBean  : Mapping filter: 'servletContainer' to urls: [/eureka/*]
2020-01-14 17:52:45.450  INFO 27260 --- [localhost-startStop-1] o.s.b.c.embedded.FilterRegistrationBean  : Mapping filter: 'applicationContextIdFilter' to: [/*]
2020-01-14 17:52:45.451  INFO 27260 --- [localhost-startStop-1] o.s.b.c.e.ServletRegistrationBean        : Mapping servlet: 'dispatcherServlet' to [/]
2020-01-14 17:52:45.562  INFO 27260 --- [localhost-startStop-1] c.s.j.s.i.a.WebApplicationImpl           : Initiating Jersey application, version 'Jersey: 1.19.1 03/11/2016 02:08 PM'
2020-01-14 17:52:45.645  INFO 27260 --- [localhost-startStop-1] c.n.d.provider.DiscoveryJerseyProvider   : Using JSON encoding codec LegacyJacksonJson
2020-01-14 17:52:45.647  INFO 27260 --- [localhost-startStop-1] c.n.d.provider.DiscoveryJerseyProvider   : Using JSON decoding codec LegacyJacksonJson
2020-01-14 17:52:45.782  INFO 27260 --- [localhost-startStop-1] c.n.d.provider.DiscoveryJerseyProvider   : Using XML encoding codec XStreamXml
2020-01-14 17:52:45.783  INFO 27260 --- [localhost-startStop-1] c.n.d.provider.DiscoveryJerseyProvider   : Using XML decoding codec XStreamXml
2020-01-14 17:52:46.255  INFO 27260 --- [main] o.s.c.n.eureka.InstanceInfoFactory       : Setting initial instance status as: STARTING
2020-01-14 17:52:46.329  INFO 27260 --- [main] com.netflix.discovery.DiscoveryClient    : Client configured to neither register nor query for data.
2020-01-14 17:52:46.339  INFO 27260 --- [main] com.netflix.discovery.DiscoveryClient    : Discovery Client initialized at timestamp 1578995566339 with initial instances count: 0
2020-01-14 17:52:46.404  INFO 27260 --- [main] c.n.eureka.DefaultEurekaServerContext    : Initializing ...
2020-01-14 17:52:46.407  INFO 27260 --- [main] c.n.eureka.cluster.PeerEurekaNodes       : Adding new peer nodes [http://localhost:8761/eureka/]
2020-01-14 17:52:46.701  INFO 27260 --- [main] c.n.d.provider.DiscoveryJerseyProvider   : Using JSON encoding codec LegacyJacksonJson
2020-01-14 17:52:46.701  INFO 27260 --- [main] c.n.d.provider.DiscoveryJerseyProvider   : Using JSON decoding codec LegacyJacksonJson
2020-01-14 17:52:46.702  INFO 27260 --- [main] c.n.d.provider.DiscoveryJerseyProvider   : Using XML encoding codec XStreamXml
2020-01-14 17:52:46.702  INFO 27260 --- [main] c.n.d.provider.DiscoveryJerseyProvider   : Using XML decoding codec XStreamXml
2020-01-14 17:52:46.825  INFO 27260 --- [main] c.n.eureka.cluster.PeerEurekaNodes       : Replica node URL:  http://localhost:8761/eureka/
2020-01-14 17:52:46.833  INFO 27260 --- [main] c.n.e.registry.AbstractInstanceRegistry  : Finished initializing remote region registries. All known remote regions: []
2020-01-14 17:52:46.833  INFO 27260 --- [main] c.n.eureka.DefaultEurekaServerContext    : Initialized
2020-01-14 17:52:47.049  INFO 27260 --- [main] s.w.s.m.m.a.RequestMappingHandlerAdapter : Looking for @ControllerAdvice: org.springframework.boot.context.embedded.AnnotationConfigEmbeddedWebApplicationContext@25691940: startup date [Tue Jan 14 17:52:43 CST 2020]; parent: org.springframework.context.annotation.AnnotationConfigApplicationContext@6a61a003
2020-01-14 17:52:47.156  INFO 27260 --- [main] s.w.s.m.m.a.RequestMappingHandlerMapping : Mapped "{[/],methods=[GET]}" onto public java.lang.String org.springframework.cloud.netflix.eureka.server.EurekaController.status(javax.servlet.http.HttpServletRequest,java.util.Map<java.lang.String, java.lang.Object>)
2020-01-14 17:52:47.160  INFO 27260 --- [main] s.w.s.m.m.a.RequestMappingHandlerMapping : Mapped "{[/lastn],methods=[GET]}" onto public java.lang.String org.springframework.cloud.netflix.eureka.server.EurekaController.lastn(javax.servlet.http.HttpServletRequest,java.util.Map<java.lang.String, java.lang.Object>)
2020-01-14 17:52:47.163  INFO 27260 --- [main] s.w.s.m.m.a.RequestMappingHandlerMapping : Mapped "{[/error]}" onto public org.springframework.http.ResponseEntity<java.util.Map<java.lang.String, java.lang.Object>> org.springframework.boot.autoconfigure.web.BasicErrorController.error(javax.servlet.http.HttpServletRequest)
2020-01-14 17:52:47.164  INFO 27260 --- [main] s.w.s.m.m.a.RequestMappingHandlerMapping : Mapped "{[/error],produces=[text/html]}" onto public org.springframework.web.servlet.ModelAndView org.springframework.boot.autoconfigure.web.BasicErrorController.errorHtml(javax.servlet.http.HttpServletRequest,javax.servlet.http.HttpServletResponse)
2020-01-14 17:52:47.203  INFO 27260 --- [main] o.s.w.s.handler.SimpleUrlHandlerMapping  : Mapped URL path [/webjars/**] onto handler of type [class org.springframework.web.servlet.resource.ResourceHttpRequestHandler]
2020-01-14 17:52:47.204  INFO 27260 --- [main] o.s.w.s.handler.SimpleUrlHandlerMapping  : Mapped URL path [/**] onto handler of type [class org.springframework.web.servlet.resource.ResourceHttpRequestHandler]
2020-01-14 17:52:47.247  INFO 27260 --- [main] o.s.w.s.handler.SimpleUrlHandlerMapping  : Mapped URL path [/**/favicon.ico] onto handler of type [class org.springframework.web.servlet.resource.ResourceHttpRequestHandler]
2020-01-14 17:52:47.691  INFO 27260 --- [main] o.s.b.a.e.mvc.EndpointHandlerMapping     : Mapped "{[/logfile || /logfile.json],methods=[GET || HEAD]}" onto public void org.springframework.boot.actuate.endpoint.mvc.LogFileMvcEndpoint.invoke(javax.servlet.http.HttpServletRequest,javax.servlet.http.HttpServletResponse) throws javax.servlet.ServletException,java.io.IOException
2020-01-14 17:52:47.693  INFO 27260 --- [main] o.s.b.a.e.mvc.EndpointHandlerMapping     : Mapped "{[/beans || /beans.json],methods=[GET],produces=[application/json]}" onto public java.lang.Object org.springframework.boot.actuate.endpoint.mvc.EndpointMvcAdapter.invoke()
2020-01-14 17:52:47.693  INFO 27260 --- [main] o.s.b.a.e.mvc.EndpointHandlerMapping     : Mapped "{[/features || /features.json],methods=[GET],produces=[application/json]}" onto public java.lang.Object org.springframework.boot.actuate.endpoint.mvc.EndpointMvcAdapter.invoke()
2020-01-14 17:52:47.694  INFO 27260 --- [main] o.s.b.a.e.mvc.EndpointHandlerMapping     : Mapped "{[/archaius || /archaius.json],methods=[GET],produces=[application/json]}" onto public java.lang.Object org.springframework.boot.actuate.endpoint.mvc.EndpointMvcAdapter.invoke()
2020-01-14 17:52:47.696  INFO 27260 --- [main] o.s.b.a.e.mvc.EndpointHandlerMapping     : Mapped "{[/metrics/{name:.*}],methods=[GET],produces=[application/json]}" onto public java.lang.Object org.springframework.boot.actuate.endpoint.mvc.MetricsMvcEndpoint.value(java.lang.String)
2020-01-14 17:52:47.697  INFO 27260 --- [main] o.s.b.a.e.mvc.EndpointHandlerMapping     : Mapped "{[/metrics || /metrics.json],methods=[GET],produces=[application/json]}" onto public java.lang.Object org.springframework.boot.actuate.endpoint.mvc.EndpointMvcAdapter.invoke()
2020-01-14 17:52:47.697  INFO 27260 --- [main] o.s.b.a.e.mvc.EndpointHandlerMapping     : Mapped "{[/resume || /resume.json],methods=[POST]}" onto public java.lang.Object org.springframework.cloud.endpoint.GenericPostableMvcEndpoint.invoke()
2020-01-14 17:52:47.698  INFO 27260 --- [main] o.s.b.a.e.mvc.EndpointHandlerMapping     : Mapped "{[/refresh || /refresh.json],methods=[POST]}" onto public java.lang.Object org.springframework.cloud.endpoint.GenericPostableMvcEndpoint.invoke()
2020-01-14 17:52:47.699  INFO 27260 --- [main] o.s.b.a.e.mvc.EndpointHandlerMapping     : Mapped "{[/env/{name:.*}],methods=[GET],produces=[application/json]}" onto public java.lang.Object org.springframework.boot.actuate.endpoint.mvc.EnvironmentMvcEndpoint.value(java.lang.String)
2020-01-14 17:52:47.699  INFO 27260 --- [main] o.s.b.a.e.mvc.EndpointHandlerMapping     : Mapped "{[/env || /env.json],methods=[GET],produces=[application/json]}" onto public java.lang.Object org.springframework.boot.actuate.endpoint.mvc.EndpointMvcAdapter.invoke()
2020-01-14 17:52:47.700  INFO 27260 --- [main] o.s.b.a.e.mvc.EndpointHandlerMapping     : Mapped "{[/pause || /pause.json],methods=[POST]}" onto public java.lang.Object org.springframework.cloud.endpoint.GenericPostableMvcEndpoint.invoke()
2020-01-14 17:52:47.700  INFO 27260 --- [main] o.s.b.a.e.mvc.EndpointHandlerMapping     : Mapped "{[/dump || /dump.json],methods=[GET],produces=[application/json]}" onto public java.lang.Object org.springframework.boot.actuate.endpoint.mvc.EndpointMvcAdapter.invoke()
2020-01-14 17:52:47.701  INFO 27260 --- [main] o.s.b.a.e.mvc.EndpointHandlerMapping     : Mapped "{[/mappings || /mappings.json],methods=[GET],produces=[application/json]}" onto public java.lang.Object org.springframework.boot.actuate.endpoint.mvc.EndpointMvcAdapter.invoke()
2020-01-14 17:52:47.706  INFO 27260 --- [main] o.s.b.a.e.mvc.EndpointHandlerMapping     : Mapped "{[/env],methods=[POST]}" onto public java.lang.Object org.springframework.cloud.context.environment.EnvironmentManagerMvcEndpoint.value(java.util.Map<java.lang.String, java.lang.String>)
2020-01-14 17:52:47.707  INFO 27260 --- [main] o.s.b.a.e.mvc.EndpointHandlerMapping     : Mapped "{[/env/reset],methods=[POST]}" onto public java.util.Map<java.lang.String, java.lang.Object> org.springframework.cloud.context.environment.EnvironmentManagerMvcEndpoint.reset()
2020-01-14 17:52:47.708  INFO 27260 --- [main] o.s.b.a.e.mvc.EndpointHandlerMapping     : Mapped "{[/info || /info.json],methods=[GET],produces=[application/json]}" onto public java.lang.Object org.springframework.boot.actuate.endpoint.mvc.EndpointMvcAdapter.invoke()
2020-01-14 17:52:47.710  INFO 27260 --- [main] o.s.b.a.e.mvc.EndpointHandlerMapping     : Mapped "{[/autoconfig || /autoconfig.json],methods=[GET],produces=[application/json]}" onto public java.lang.Object org.springframework.boot.actuate.endpoint.mvc.EndpointMvcAdapter.invoke()
2020-01-14 17:52:47.711  INFO 27260 --- [main] o.s.b.a.e.mvc.EndpointHandlerMapping     : Mapped "{[/trace || /trace.json],methods=[GET],produces=[application/json]}" onto public java.lang.Object org.springframework.boot.actuate.endpoint.mvc.EndpointMvcAdapter.invoke()
2020-01-14 17:52:47.712  INFO 27260 --- [main] o.s.b.a.e.mvc.EndpointHandlerMapping     : Mapped "{[/health || /health.json],produces=[application/json]}" onto public java.lang.Object org.springframework.boot.actuate.endpoint.mvc.HealthMvcEndpoint.invoke(java.security.Principal)
2020-01-14 17:52:47.713  INFO 27260 --- [main] o.s.b.a.e.mvc.EndpointHandlerMapping     : Mapped "{[/configprops || /configprops.json],methods=[GET],produces=[application/json]}" onto public java.lang.Object org.springframework.boot.actuate.endpoint.mvc.EndpointMvcAdapter.invoke()
2020-01-14 17:52:47.714  INFO 27260 --- [main] o.s.b.a.e.mvc.EndpointHandlerMapping     : Mapped "{[/restart || /restart.json],methods=[POST]}" onto public java.lang.Object org.springframework.cloud.context.restart.RestartMvcEndpoint.invoke()
2020-01-14 17:52:47.848  INFO 27260 --- [main] o.s.ui.freemarker.SpringTemplateLoader   : SpringTemplateLoader for FreeMarker: using resource loader [org.springframework.boot.context.embedded.AnnotationConfigEmbeddedWebApplicationContext@25691940: startup date [Tue Jan 14 17:52:43 CST 2020]; parent: org.springframework.context.annotation.AnnotationConfigApplicationContext@6a61a003] and template loader path [classpath:/templates/]
2020-01-14 17:52:47.849  INFO 27260 --- [main] o.s.w.s.v.f.FreeMarkerConfigurer         : ClassTemplateLoader for Spring macros added to FreeMarker configuration
2020-01-14 17:52:47.965  WARN 27260 --- [main] c.n.c.sources.URLConfigurationSource     : No URLs will be polled as dynamic configuration sources.
2020-01-14 17:52:47.965  INFO 27260 --- [main] c.n.c.sources.URLConfigurationSource     : To enable URLs as dynamic configuration sources, define System property archaius.configurationSource.additionalUrls or make config.properties available on classpath.
2020-01-14 17:52:47.974  WARN 27260 --- [main] c.n.c.sources.URLConfigurationSource     : No URLs will be polled as dynamic configuration sources.
2020-01-14 17:52:47.976  INFO 27260 --- [main] c.n.c.sources.URLConfigurationSource     : To enable URLs as dynamic configuration sources, define System property archaius.configurationSource.additionalUrls or make config.properties available on classpath.
2020-01-14 17:52:48.045  INFO 27260 --- [main] o.s.j.e.a.AnnotationMBeanExporter        : Registering beans for JMX exposure on startup
2020-01-14 17:52:48.054  INFO 27260 --- [main] o.s.j.e.a.AnnotationMBeanExporter        : Bean with name 'refreshScope' has been autodetected for JMX exposure
2020-01-14 17:52:48.055  INFO 27260 --- [main] o.s.j.e.a.AnnotationMBeanExporter        : Bean with name 'environmentManager' has been autodetected for JMX exposure
2020-01-14 17:52:48.058  INFO 27260 --- [main] o.s.j.e.a.AnnotationMBeanExporter        : Bean with name 'configurationPropertiesRebinder' has been autodetected for JMX exposure
2020-01-14 17:52:48.059  INFO 27260 --- [main] o.s.j.e.a.AnnotationMBeanExporter        : Bean with name 'refreshEndpoint' has been autodetected for JMX exposure
2020-01-14 17:52:48.061  INFO 27260 --- [main] o.s.j.e.a.AnnotationMBeanExporter        : Bean with name 'restartEndpoint' has been autodetected for JMX exposure
2020-01-14 17:52:48.066  INFO 27260 --- [main] o.s.j.e.a.AnnotationMBeanExporter        : Located managed bean 'environmentManager': registering with JMX server as MBean [org.springframework.cloud.context.environment:name=environmentManager,type=EnvironmentManager]
2020-01-14 17:52:48.086  INFO 27260 --- [main] o.s.j.e.a.AnnotationMBeanExporter        : Located managed bean 'restartEndpoint': registering with JMX server as MBean [org.springframework.cloud.context.restart:name=restartEndpoint,type=RestartEndpoint]
2020-01-14 17:52:48.104  INFO 27260 --- [main] o.s.j.e.a.AnnotationMBeanExporter        : Located managed bean 'refreshScope': registering with JMX server as MBean [org.springframework.cloud.context.scope.refresh:name=refreshScope,type=RefreshScope]
2020-01-14 17:52:48.112  INFO 27260 --- [main] o.s.j.e.a.AnnotationMBeanExporter        : Located managed bean 'configurationPropertiesRebinder': registering with JMX server as MBean [org.springframework.cloud.context.properties:name=configurationPropertiesRebinder,context=25691940,type=ConfigurationPropertiesRebinder]
2020-01-14 17:52:48.118  INFO 27260 --- [main] o.s.j.e.a.AnnotationMBeanExporter        : Located managed bean 'refreshEndpoint': registering with JMX server as MBean [org.springframework.cloud.endpoint:name=refreshEndpoint,type=RefreshEndpoint]
2020-01-14 17:52:48.324  INFO 27260 --- [main] o.s.c.support.DefaultLifecycleProcessor  : Starting beans in phase 0
2020-01-14 17:52:48.328  INFO 27260 --- [main] c.n.e.EurekaDiscoveryClientConfiguration : Registering application eureka_server with eureka with status UP
2020-01-14 17:52:48.328  INFO 27260 --- [Thread-12] o.s.c.n.e.server.EurekaServerBootstrap   : Setting the eureka configuration..
2020-01-14 17:52:48.328  INFO 27260 --- [Thread-12] o.s.c.n.e.server.EurekaServerBootstrap   : Eureka data center value eureka.datacenter is not set, defaulting to default
2020-01-14 17:52:48.329  INFO 27260 --- [Thread-12] o.s.c.n.e.server.EurekaServerBootstrap   : Eureka environment value eureka.environment is not set, defaulting to test
2020-01-14 17:52:48.349  INFO 27260 --- [Thread-12] o.s.c.n.e.server.EurekaServerBootstrap   : isAws returned false
2020-01-14 17:52:48.352  INFO 27260 --- [Thread-12] o.s.c.n.e.server.EurekaServerBootstrap   : Initialized server context
2020-01-14 17:52:48.355  INFO 27260 --- [Thread-12] c.n.e.r.PeerAwareInstanceRegistryImpl    : Got 1 instances from neighboring DS node
2020-01-14 17:52:48.355  INFO 27260 --- [Thread-12] c.n.e.r.PeerAwareInstanceRegistryImpl    : Renew threshold is: 1
2020-01-14 17:52:48.355  INFO 27260 --- [Thread-12] c.n.e.r.PeerAwareInstanceRegistryImpl    : Changing status to UP
2020-01-14 17:52:48.362  INFO 27260 --- [Thread-12] e.s.EurekaServerInitializerConfiguration : Started Eureka Server
2020-01-14 17:52:48.465  INFO 27260 --- [main] s.b.c.e.t.TomcatEmbeddedServletContainer : Tomcat started on port(s): 2000 (http)
2020-01-14 17:52:48.466  INFO 27260 --- [main] c.n.e.EurekaDiscoveryClientConfiguration : Updating port to 2000
2020-01-14 17:52:48.469  INFO 27260 --- [main] c.s.c.eureka.EurekaServerApplication     : Started EurekaServerApplication in 6.452 seconds (JVM running for 11.098)
2020-01-14 17:52:56.910  INFO 27260 --- [http-nio-2000-exec-1] o.a.c.c.C.[Tomcat].[localhost].[/]       : Initializing Spring FrameworkServlet 'dispatcherServlet'
2020-01-14 17:52:56.910  INFO 27260 --- [http-nio-2000-exec-1] o.s.web.servlet.DispatcherServlet        : FrameworkServlet 'dispatcherServlet': initialization started
2020-01-14 17:52:56.936  INFO 27260 --- [http-nio-2000-exec-1] o.s.web.servlet.DispatcherServlet        : FrameworkServlet 'dispatcherServlet': initialization completed in 25 ms
2020-01-14 17:53:05.728  INFO 27260 --- [Thread-14] ationConfigEmbeddedWebApplicationContext : Closing org.springframework.boot.context.embedded.AnnotationConfigEmbeddedWebApplicationContext@25691940: startup date [Tue Jan 14 17:52:43 CST 2020]; parent: org.springframework.context.annotation.AnnotationConfigApplicationContext@6a61a003
2020-01-14 17:53:05.730  INFO 27260 --- [Thread-14] c.n.e.EurekaDiscoveryClientConfiguration : Unregistering application eureka_server with eureka with status DOWN
2020-01-14 17:53:05.731  INFO 27260 --- [Thread-14] com.netflix.discovery.DiscoveryClient    : Shutting down DiscoveryClient ...
2020-01-14 17:53:05.731  INFO 27260 --- [Thread-14] com.netflix.discovery.DiscoveryClient    : Completed shut down of DiscoveryClient
2020-01-14 17:53:05.733  INFO 27260 --- [Thread-14] o.s.c.support.DefaultLifecycleProcessor  : Stopping beans in phase 0
2020-01-14 17:53:05.739  INFO 27260 --- [Thread-14] o.s.j.e.a.AnnotationMBeanExporter        : Unregistering JMX-exposed beans on shutdown
2020-01-14 17:53:05.740  INFO 27260 --- [Thread-14] o.s.j.e.a.AnnotationMBeanExporter        : Unregistering JMX-exposed beans
2020-01-14 17:53:05.746  INFO 27260 --- [Thread-14] c.n.eureka.DefaultEurekaServerContext    : Shutting down ...
2020-01-14 17:53:05.751  INFO 27260 --- [Thread-14] c.n.eureka.DefaultEurekaServerContext    : Shut down
